<?xml version="1.0" encoding="UTF-8"?>
<!-- Generated by org.testng.reporters.JUnitReportReporter -->
<testsuite skipped="0" hostname="Gabysus" name="apiAutomation_WhatIf.whatIfAPI" tests="9" failures="0" timestamp="07 Feb 2019 23:11:00 GMT" time="12.669" errors="0">
  <testcase name="T02_RetrievesRawDataOfAGvivenStockOfAGvivenStock_MSFT" time="1.076" classname="apiAutomation_WhatIf.whatIfAPI"/>
  <testcase name="T01_CalculateStockPurchaseValueOfAGvivenStock_AAPL" time="1.038" classname="apiAutomation_WhatIf.whatIfAPI"/>
  <testcase name="T02_RetrievesRawDataOfAGvivenStock_AAPL" time="1.114" classname="apiAutomation_WhatIf.whatIfAPI"/>
  <testcase name="T01_CalculateStockPurchaseValueOfAGvivenStock_HD" time="1.258" classname="apiAutomation_WhatIf.whatIfAPI"/>
  <testcase name="T01_CalculateStockPurchaseValueOfAGvivenStock_MSFT" time="1.161" classname="apiAutomation_WhatIf.whatIfAPI"/>
  <testcase name="T01_CalculateStockPurchaseValueOfAGvivenStock_FB" time="1.065" classname="apiAutomation_WhatIf.whatIfAPI"/>
  <testcase name="T02_RetrievesRawDataOfAGvivenStock_FB" time="0.953" classname="apiAutomation_WhatIf.whatIfAPI"/>
  <testcase name="DisplayAllNodesInWeatherAPI" time="3.912" classname="apiAutomation_WhatIf.whatIfAPI"/>
  <testcase name="T02_RetrievesRawDataOfAGvivenStockOfAGvivenStock_HD" time="1.092" classname="apiAutomation_WhatIf.whatIfAPI"/>
</testsuite> <!-- apiAutomation_WhatIf.whatIfAPI -->
