<?xml version="1.0" encoding="UTF-8"?>
<!-- Generated by org.testng.reporters.JUnitReportReporter -->
<testsuite skipped="0" hostname="Gabysus" name="apiAutomation_WhatIf.WhatIfAPIRawData" tests="1" failures="0" timestamp="08 Feb 2019 01:41:21 GMT" time="13.542" errors="0">
  <testcase name="T02_RetrievesRawDataOfAGvivenStock_FB" time="13.542" classname="apiAutomation_WhatIf.WhatIfAPIRawData"/>
</testsuite> <!-- apiAutomation_WhatIf.WhatIfAPIRawData -->
