<?xml version="1.0" encoding="UTF-8"?>
<!-- Generated by org.testng.reporters.JUnitReportReporter -->
<testsuite skipped="0" hostname="Gabysus" name="apiAutomation_WhatIf.WhatIfAPI_StockValue" tests="4" failures="0" timestamp="07 Feb 2019 23:31:08 GMT" time="10.283" errors="0">
  <testcase name="T01_CalculateStockPurchaseValueOfAGvivenStock_AAPL" time="7.269" classname="apiAutomation_WhatIf.WhatIfAPI_StockValue"/>
  <testcase name="T01_CalculateStockPurchaseValueOfAGvivenStock_HD" time="0.948" classname="apiAutomation_WhatIf.WhatIfAPI_StockValue"/>
  <testcase name="T01_CalculateStockPurchaseValueOfAGvivenStock_FB" time="0.934" classname="apiAutomation_WhatIf.WhatIfAPI_StockValue"/>
  <testcase name="T01_CalculateStockPurchaseValueOfAGvivenStock_MSFT" time="1.132" classname="apiAutomation_WhatIf.WhatIfAPI_StockValue"/>
</testsuite> <!-- apiAutomation_WhatIf.WhatIfAPI_StockValue -->
